<?xml version="1.0" encoding="UTF-8"?>
<!-- Generated by org.testng.reporters.JUnitReportReporter -->
<testsuite skipped="0" hostname="Antons-iMac.home" name="com.hrms.testcases.TitleLogoAndloginValidation" tests="1" failures="0" timestamp="2020-05-31T12:15:52 EDT" time="11.000" errors="0">
  <testcase name="validLogin" time="11.000" classname="com.hrms.testcases.TitleLogoAndloginValidation"/>
  <system-out/>
</testsuite> <!-- com.hrms.testcases.TitleLogoAndloginValidation -->
