<?xml version="1.0" encoding="UTF-8"?>
<!-- Generated by org.testng.reporters.JUnitReportReporter -->
<testsuite skipped="0" hostname="Antons-iMac.home" name="com.syntax.testcases.Login" tests="3" failures="0" timestamp="2020-05-23T13:29:01 EDT" time="13.218" errors="0">
  <testcase name="invalidPasswordLogin" time="3.401" classname="com.syntax.testcases.Login"/>
  <system-out/>
  <testcase name="emptyUsernameLogin" time="2.638" classname="com.syntax.testcases.Login"/>
  <system-out/>
  <testcase name="validAdminLogin" time="7.179" classname="com.syntax.testcases.Login"/>
  <system-out/>
</testsuite> <!-- com.syntax.testcases.Login -->
