<?xml version="1.0" encoding="UTF-8"?>
<!-- Generated by org.testng.reporters.JUnitReportReporter -->
<testsuite skipped="0" hostname="Antons-iMac.home" name="com.syntax.class01.TestNGDemo" tests="3" failures="0" timestamp="2020-05-19T19:29:04 EDT" time="0.013" errors="0">
  <testcase name="testOne" time="0.010" classname="com.syntax.class01.TestNGDemo"/>
  <system-out/>
  <testcase name="testTwo" time="0.002" classname="com.syntax.class01.TestNGDemo"/>
  <system-out/>
  <testcase name="testThree" time="0.001" classname="com.syntax.class01.TestNGDemo"/>
  <system-out/>
</testsuite> <!-- com.syntax.class01.TestNGDemo -->
