<?xml version="1.0" encoding="UTF-8"?>
<!-- Generated by org.testng.reporters.JUnitReportReporter -->
<testsuite skipped="0" hostname="Antons-iMac.home" name="com.syntax.class01.TitleLogoAndloginValidation" tests="1" failures="0" timestamp="2020-05-21T21:34:06 EDT" time="7.111" errors="0">
  <testcase name="logoValidation" time="7.111" classname="com.syntax.class01.TitleLogoAndloginValidation"/>
  <system-out/>
</testsuite> <!-- com.syntax.class01.TitleLogoAndloginValidation -->
