<?xml version="1.0" encoding="UTF-8"?>
<!-- Generated by org.testng.reporters.JUnitReportReporter -->
<testsuite skipped="0" hostname="Antons-iMac.home" name="com.syntax.class01.Task2" tests="2" failures="0" timestamp="2020-05-19T20:08:06 EDT" time="0.009" errors="0">
  <testcase name="test2" time="0.001" classname="com.syntax.class01.Task2"/>
  <system-out/>
  <testcase name="test1" time="0.008" classname="com.syntax.class01.Task2"/>
  <system-out/>
</testsuite> <!-- com.syntax.class01.Task2 -->
